<?xml version="1.0" encoding="UTF-8"?>
<!-- Generated by org.testng.reporters.JUnitXMLReporter -->
<testsuite ignored="0" hostname="LAPTOP-7KPE3BUK" failures="0" tests="18" name="Test" time="219.524" errors="0" timestamp="09 Apr 2021 07:14:01 GMT">
  <testcase classname="test.annotations.demo.Heroku" name="abTesting_tc1" time="0.587"/>
  <testcase classname="test.annotations.demo.Heroku" name="addRemoveElements_tc2" time="0.675"/>
  <testcase classname="test.annotations.demo.Heroku" name="checkBoxes_tc3" time="0.578"/>
  <testcase classname="test.annotations.demo.Heroku" name="disappearingElements_tc4" time="2.436"/>
  <testcase classname="test.annotations.demo.Heroku" name="dropdown_tc5" time="0.557"/>
  <testcase classname="test.annotations.demo.Heroku" name="dynamicContent_tc6" time="2.089"/>
  <testcase classname="test.annotations.demo.Heroku1" name="dynamicControls_tc7" time="4.883"/>
  <testcase classname="test.annotations.demo.Heroku1" name="dynamicLoading_tc8" time="2.225"/>
  <testcase classname="test.annotations.demo.Heroku1" name="entryAd_tc9" time="1.131"/>
  <testcase classname="test.annotations.demo.Heroku1" name="forgotPassword_tc10" time="1.287"/>
  <testcase classname="test.annotations.demo.Heroku1" name="formAuthentication_tc11" time="2.155"/>
  <testcase classname="test.annotations.demo.Heroku1" name="inputs_tc12" time="0.851"/>
  <testcase classname="testngpractice.TestngHeroku" name="contextMenu_17" time="0.625"/>
  <testcase classname="testngpractice.TestngHeroku" name="hovers_tc18" time="1.556"/>
  <testcase classname="testngpractice.TestngHeroku" name="keyPresses_tc13" time="0.557"/>
  <testcase classname="testngpractice.TestngHeroku" name="multiplewindows_tc14" time="0.562"/>
  <testcase classname="testngpractice.TestngHeroku" name="notificationMessages_tc15" time="2.51"/>
  <testcase classname="testngpractice.TestngHeroku" name="redirectLink_tc16" time="1.778"/>
</testsuite> <!-- Test -->
