<?xml version="1.0" encoding="UTF-8"?>
<!-- Generated by org.testng.reporters.JUnitXMLReporter -->
<testsuite ignored="2" hostname="LAPTOP-7KPE3BUK" failures="0" tests="2" name="test c" time="0.007" errors="0" timestamp="09 Apr 2021 07:22:47 GMT">
  <testcase classname="test.annotations.demo.ClassC" name="methodCInClassC" time="0.001"/>
  <testcase classname="test.annotations.demo.ClassC" name="methodDInClassC" time="0.002"/>
  <testcase classname="test.annotations.demo.ClassC" name="methodAInClassC" time="0.0">
    <ignored/>
  </testcase> <!-- methodAInClassC -->
  <testcase classname="test.annotations.demo.ClassC" name="methodBInClassC" time="0.0">
    <ignored/>
  </testcase> <!-- methodBInClassC -->
</testsuite> <!-- test c -->
