<?xml version="1.0" encoding="UTF-8"?>
<!-- Generated by org.testng.reporters.JUnitXMLReporter -->
<testsuite ignored="2" hostname="LAPTOP-7KPE3BUK" failures="1" tests="1" name="Test" time="10.194" errors="0" timestamp="17 May 2021 16:20:27 GMT">
  <testcase classname="pom.FacebookTests" name="invalidLogInTest" time="1.9">
    <failure type="java.lang.NullPointerException">
      <![CDATA[java.lang.NullPointerException
at pom.Xlarun.getCellData(Xlarun.java:22)
at pom.FacebookTests.invalidLogInTest(FacebookTests.java:32)
... Removed 29 stack frames]]>
    </failure>
  </testcase> <!-- invalidLogInTest -->
  <testcase classname="pom.FacebookTests" name="invalidCreateNewAccount" time="0.0">
    <ignored/>
  </testcase> <!-- invalidCreateNewAccount -->
  <testcase classname="pom.FacebookTests" name="invalidForgotPasswordTest" time="0.0">
    <ignored/>
  </testcase> <!-- invalidForgotPasswordTest -->
</testsuite> <!-- Test -->
