<?xml version="1.0" encoding="UTF-8"?>
<!-- Generated by org.testng.reporters.JUnitXMLReporter -->
<testsuite ignored="0" hostname="LAPTOP-7KPE3BUK" failures="1" tests="1" name="Test" time="14.761" errors="0" timestamp="05 May 2021 05:01:17 GMT">
  <testcase classname="pom.HerokuTests" name="addRemoveElementsTest" time="1.67">
    <failure type="java.lang.RuntimeException" message="java.lang.AssertionError: expected [true] but found [false]">
      <![CDATA[java.lang.RuntimeException: java.lang.AssertionError: expected [true] but found [false]
at pom.HerokuTests.addRemoveElementsTest(HerokuTests.java:62)
Caused by: java.lang.AssertionError: expected [true] but found [false]
at pom.HerokuTests.addRemoveElementsTest(HerokuTests.java:56)
... 25 more
... Removed 29 stack frames]]>
    </failure>
  </testcase> <!-- addRemoveElementsTest -->
</testsuite> <!-- Test -->
