<?xml version="1.0" encoding="UTF-8"?>
<!-- Generated by org.testng.reporters.JUnitXMLReporter -->
<testsuite ignored="0" hostname="LAPTOP-7KPE3BUK" failures="3" tests="5" name="Test" time="70.063" errors="0" timestamp="14 May 2021 09:02:57 GMT">
  <testcase classname="pom.FlipkartTests" name="flipkartValidInputTest" time="2.662">
    <failure type="org.openqa.selenium.ElementClickInterceptedException" message="element click intercepted: Element &amp;lt;div class=&amp;quot;_4921Z t0pPfW&amp;quot; title=&amp;quot;6 GB &amp;amp;amp; Above&amp;quot;&amp;gt;...&amp;lt;/div&amp;gt; is not clickable at point (143, 515). Other element would receive the click: &amp;lt;div class=&amp;quot;_213eRC _2ssEMF&amp;quot;&amp;gt;...&amp;lt;/div&amp;gt;
  (Session info: chrome=90.0.4430.93)
Build info: version: &amp;apos;3.141.59&amp;apos;, revision: &amp;apos;e82be7d358&amp;apos;, time: &amp;apos;2018-11-14T08:17:03&amp;apos;
System info: host: &amp;apos;LAPTOP-7KPE3BUK&amp;apos;, ip: &amp;apos;192.168.174.1&amp;apos;, os.name: &amp;apos;Windows 10&amp;apos;, os.arch: &amp;apos;amd64&amp;apos;, os.version: &amp;apos;10.0&amp;apos;, java.version: &amp;apos;11.0.2&amp;apos;
Driver info: org.openqa.selenium.chrome.ChromeDriver
Capabilities {acceptInsecureCerts: false, browserName: chrome, browserVersion: 90.0.4430.93, chrome: {chromedriverVersion: 89.0.4389.23 (61b08ee2c5002..., userDataDir: C:\Users\saith\AppData\Loca...}, goog:chromeOptions: {debuggerAddress: localhost:53224}, javascriptEnabled: true, networkConnectionEnabled: false, pageLoadStrategy: normal, platform: WINDOWS, platformName: WINDOWS, proxy: Proxy(), setWindowRect: true, strictFileInteractability: false, timeouts: {implicit: 0, pageLoad: 300000, script: 30000}, unhandledPromptBehavior: dismiss and notify, webauthn:extension:largeBlob: true, webauthn:virtualAuthenticators: true}
Session ID: 311428a5105165f19491e3b9176b064c">
      <![CDATA[org.openqa.selenium.ElementClickInterceptedException: element click intercepted: Element <div class="_4921Z t0pPfW" title="6 GB &amp; Above">...</div> is not clickable at point (143, 515). Other element would receive the click: <div class="_213eRC _2ssEMF">...</div>
  (Session info: chrome=90.0.4430.93)
Build info: version: '3.141.59', revision: 'e82be7d358', time: '2018-11-14T08:17:03'
System info: host: 'LAPTOP-7KPE3BUK', ip: '192.168.174.1', os.name: 'Windows 10', os.arch: 'amd64', os.version: '10.0', java.version: '11.0.2'
Driver info: org.openqa.selenium.chrome.ChromeDriver
Capabilities {acceptInsecureCerts: false, browserName: chrome, browserVersion: 90.0.4430.93, chrome: {chromedriverVersion: 89.0.4389.23 (61b08ee2c5002..., userDataDir: C:\Users\saith\AppData\Loca...}, goog:chromeOptions: {debuggerAddress: localhost:53224}, javascriptEnabled: true, networkConnectionEnabled: false, pageLoadStrategy: normal, platform: WINDOWS, platformName: WINDOWS, proxy: Proxy(), setWindowRect: true, strictFileInteractability: false, timeouts: {implicit: 0, pageLoad: 300000, script: 30000}, unhandledPromptBehavior: dismiss and notify, webauthn:extension:largeBlob: true, webauthn:virtualAuthenticators: true}
Session ID: 311428a5105165f19491e3b9176b064c
at org.openqa.selenium.remote.http.W3CHttpResponseCodec.createException(W3CHttpResponseCodec.java:187)
at org.openqa.selenium.remote.http.W3CHttpResponseCodec.decode(W3CHttpResponseCodec.java:122)
at org.openqa.selenium.remote.http.W3CHttpResponseCodec.decode(W3CHttpResponseCodec.java:49)
at org.openqa.selenium.remote.HttpCommandExecutor.execute(HttpCommandExecutor.java:158)
at org.openqa.selenium.remote.service.DriverCommandExecutor.execute(DriverCommandExecutor.java:83)
at org.openqa.selenium.remote.RemoteWebDriver.execute(RemoteWebDriver.java:552)
at org.openqa.selenium.remote.RemoteWebElement.execute(RemoteWebElement.java:285)
at org.openqa.selenium.remote.RemoteWebElement.click(RemoteWebElement.java:84)
at pom.WebPage.select(WebPage.java:79)
at pom.FlipkartProductsPage.enterTheRamSize(FlipkartProductsPage.java:54)
at pom.FlipkartTests.flipkartValidInputTest(FlipkartTests.java:39)
... Removed 29 stack frames]]>
    </failure>
  </testcase> <!-- flipkartValidInputTest -->
  <testcase classname="pom.HerokuTests" name="addRemoveElementsTest" time="0.883"/>
  <testcase classname="pom.FacebookTests" name="invalidCreateNewAccount" time="26.711">
    <failure type="java.lang.AssertionError" message="expected [An error occurred. Please try again.] but found [Please choose a more secure password. It should be longer than 6 characters, unique to you and difficult for others to guess.]">
      <![CDATA[java.lang.AssertionError: expected [An error occurred. Please try again.] but found [Please choose a more secure password. It should be longer than 6 characters, unique to you and difficult for others to guess.]
at pom.FacebookTests.invalidCreateNewAccount(FacebookTests.java:87)
... Removed 31 stack frames]]>
    </failure>
  </testcase> <!-- invalidCreateNewAccount -->
  <testcase classname="pom.FacebookTests" name="invalidForgotPasswordTest" time="2.329"/>
  <testcase classname="pom.FacebookTests" name="invalidLogInTest" time="14.291">
    <failure type="java.lang.RuntimeException" message="java.lang.AssertionError: expected [The email address or mobile number you entered isn&amp;apos;t connected to an account. Find your account and log in.] but found [The password that you&amp;apos;ve entered is incorrect. Forgotten password?]">
      <![CDATA[java.lang.RuntimeException: java.lang.AssertionError: expected [The email address or mobile number you entered isn't connected to an account. Find your account and log in.] but found [The password that you've entered is incorrect. Forgotten password?]
at pom.FacebookTests.invalidLogInTest(FacebookTests.java:51)
Caused by: java.lang.AssertionError: expected [The email address or mobile number you entered isn't connected to an account. Find your account and log in.] but found [The password that you've entered is incorrect. Forgotten password?]
at pom.FacebookTests.invalidLogInTest(FacebookTests.java:44)
... 25 more
... Removed 31 stack frames]]>
    </failure>
  </testcase> <!-- invalidLogInTest -->
</testsuite> <!-- Test -->
